<?xml version="1.0" encoding="UTF-8"?>
<!-- Generated by org.testng.reporters.JUnitXMLReporter -->
<testsuite ignored="0" hostname="NSWSYDNLP228" failures="1" tests="1" name="Default test(failed)" time="7.259" errors="0" timestamp="09 Apr. 2019 03:50:06 GMT">
  <testcase classname="com.guru99.model.tests.HomePageTest" name="verifyTitleTest" time="0.028">
    <failure type="java.lang.AssertionError" message="expected [Home page] but found [Mobile]">
      <![CDATA[java.lang.AssertionError: expected [Home page] but found [Mobile]
at com.guru99.model.tests.HomePageTest.verifyTitleTest(HomePageTest.java:18)
... Removed 31 stack frames]]>
    </failure>
  </testcase> <!-- verifyTitleTest -->
</testsuite> <!-- Default test(failed) -->
