<?xml version="1.0" encoding="UTF-8"?>
<!-- Generated by org.testng.reporters.JUnitXMLReporter -->
<testsuite ignored="2" hostname="NSWSYDNLP228" failures="0" tests="1" name="Default test" time="15.807" errors="0" timestamp="07 May 2019 05:24:17 GMT">
  <testcase classname="com.guru99.model.tests.HomePageTest" name="verifyAdvanceSearch" time="4.882"/>
  <testcase classname="com.guru99.model.tests.HomePageTest" name="registerForAnAccountTest" time="0.0">
    <ignored/>
  </testcase> <!-- registerForAnAccountTest -->
  <testcase classname="com.guru99.model.tests.HomePageTest" name="verifyTitleTest" time="0.0">
    <ignored/>
  </testcase> <!-- verifyTitleTest -->
</testsuite> <!-- Default test -->
