<?xml version="1.0" encoding="UTF-8"?>
<!-- Generated by org.testng.reporters.JUnitXMLReporter -->
<testsuite ignored="3" hostname="NSWSYDNLP228" failures="0" tests="1" name="Default test" time="16.706" errors="0" timestamp="26 Apr. 2019 02:05:49 GMT">
  <testcase classname="com.guru99.model.tests.OrderTest" name="verifyDiscount" time="7.974"/>
  <testcase classname="com.guru99.model.tests.OrderTest" name="printOrderInPdf" time="0.0">
    <ignored/>
  </testcase> <!-- printOrderInPdf -->
  <testcase classname="com.guru99.model.tests.OrderTest" name="purchaseOrder" time="0.0">
    <ignored/>
  </testcase> <!-- purchaseOrder -->
  <testcase classname="com.guru99.model.tests.OrderTest" name="ReOrder" time="0.0">
    <ignored/>
  </testcase> <!-- ReOrder -->
</testsuite> <!-- Default test -->
