<?xml version="1.0" encoding="UTF-8"?>
<testng-results ignored="2" total="3" passed="1" failed="0" skipped="0">
  <reporter-output>
  </reporter-output>
  <suite started-at="2019-05-07T05:24:01Z" name="Default suite" finished-at="2019-05-07T05:24:17Z" duration-ms="15807">
    <groups>
    </groups>
    <test started-at="2019-05-07T05:24:01Z" name="Default test" finished-at="2019-05-07T05:24:17Z" duration-ms="15807">
      <class name="com.guru99.model.tests.HomePageTest">
        <test-method is-config="true" signature="startUpTest()[pri:0, instance:com.guru99.model.tests.HomePageTest@762ef0ea]" started-at="2019-05-07T05:24:02Z" name="startUpTest" finished-at="2019-05-07T05:24:12Z" duration-ms="10890" status="PASS">
          <reporter-output>
          </reporter-output>
        </test-method> <!-- startUpTest -->
        <test-method signature="verifyAdvanceSearch()[pri:0, instance:com.guru99.model.tests.HomePageTest@762ef0ea]" started-at="2019-05-07T05:24:12Z" name="verifyAdvanceSearch" finished-at="2019-05-07T05:24:17Z" duration-ms="4882" status="PASS">
          <reporter-output>
          </reporter-output>
        </test-method> <!-- verifyAdvanceSearch -->
        <test-method is-config="true" signature="shutDownTest()[pri:0, instance:com.guru99.model.tests.HomePageTest@762ef0ea]" started-at="2019-05-07T05:24:17Z" name="shutDownTest" finished-at="2019-05-07T05:24:17Z" duration-ms="0" status="PASS">
          <reporter-output>
          </reporter-output>
        </test-method> <!-- shutDownTest -->
      </class> <!-- com.guru99.model.tests.HomePageTest -->
    </test> <!-- Default test -->
  </suite> <!-- Default suite -->
</testng-results>
