<?xml version="1.0" encoding="UTF-8"?>
<testng-results ignored="3" total="4" passed="1" failed="0" skipped="0">
  <reporter-output>
  </reporter-output>
  <suite started-at="2019-04-26T02:05:33Z" name="Default suite" finished-at="2019-04-26T02:05:49Z" duration-ms="16706">
    <groups>
    </groups>
    <test started-at="2019-04-26T02:05:33Z" name="Default test" finished-at="2019-04-26T02:05:49Z" duration-ms="16706">
      <class name="com.guru99.model.tests.OrderTest">
        <test-method is-config="true" signature="startUpTest()[pri:0, instance:com.guru99.model.tests.OrderTest@31f9b85e]" started-at="2019-04-26T02:05:33Z" name="startUpTest" finished-at="2019-04-26T02:05:41Z" duration-ms="8706" status="PASS">
          <reporter-output>
          </reporter-output>
        </test-method> <!-- startUpTest -->
        <test-method signature="verifyDiscount()[pri:0, instance:com.guru99.model.tests.OrderTest@31f9b85e]" started-at="2019-04-26T02:05:41Z" name="verifyDiscount" finished-at="2019-04-26T02:05:49Z" duration-ms="7974" status="PASS">
          <reporter-output>
          </reporter-output>
        </test-method> <!-- verifyDiscount -->
        <test-method is-config="true" signature="shutDownTest()[pri:0, instance:com.guru99.model.tests.OrderTest@31f9b85e]" started-at="2019-04-26T02:05:49Z" name="shutDownTest" finished-at="2019-04-26T02:05:49Z" duration-ms="0" status="PASS">
          <reporter-output>
          </reporter-output>
        </test-method> <!-- shutDownTest -->
      </class> <!-- com.guru99.model.tests.OrderTest -->
    </test> <!-- Default test -->
  </suite> <!-- Default suite -->
</testng-results>
